<?xml version="1.0" encoding="UTF-8"?>
<!-- Generated by org.testng.reporters.JUnitXMLReporter -->
<testsuite hostname="WINDOWS-PEBUS7V" ignored="0" name="Default test" tests="2" failures="0" timestamp="18 Feb 2019 04:50:20 GMT" time="17.806" errors="0">
  <testcase name="pageTitle" time="0.503" classname="com.cleartrip.qa.testcases.SearchFlight_RoundTrip"/>
  <testcase name="clickRoundTrip" time="0.001" classname="com.cleartrip.qa.testcases.SearchFlight_RoundTrip"/>
</testsuite> <!-- Default test -->
