<?xml version="1.0" encoding="UTF-8"?>
<!-- Generated by org.testng.reporters.JUnitXMLReporter -->
<testsuite hostname="WINDOWS-PEBUS7V" ignored="0" name="Default test" tests="3" failures="0" timestamp="23 Feb 2019 18:08:19 GMT" time="136.137" errors="0">
  <testcase name="VerifyLogo" time="5.867" classname="com.cleartrip.qa.testcases.SearchFlight_RoundTrip"/>
  <testcase name="pageTitle" time="0.022" classname="com.cleartrip.qa.testcases.SearchFlight_RoundTrip"/>
  <testcase name="clickRoundTrip" time="10.515" classname="com.cleartrip.qa.testcases.SearchFlight_RoundTrip"/>
</testsuite> <!-- Default test -->
