<?xml version="1.0" encoding="UTF-8"?>
<!-- Generated by org.testng.reporters.JUnitXMLReporter -->
<testsuite hostname="WINDOWS-PEBUS7V" ignored="0" name="Test" tests="4" failures="0" timestamp="23 Feb 2019 18:10:51 GMT" time="86.619" errors="0">
  <testcase name="Login" time="16.719" classname="com.cleartrip.qa.testcases.LoginTest"/>
  <testcase name="VerifyLogo" time="13.983" classname="com.cleartrip.qa.testcases.SearchFlight_RoundTrip"/>
  <testcase name="pageTitle" time="0.007" classname="com.cleartrip.qa.testcases.SearchFlight_RoundTrip"/>
  <testcase name="clickRoundTrip" time="11.339" classname="com.cleartrip.qa.testcases.SearchFlight_RoundTrip"/>
</testsuite> <!-- Test -->
