<?xml version="1.0" encoding="UTF-8"?>
<testng-results skipped="0" failed="0" ignored="0" total="4" passed="4">
  <reporter-output>
  </reporter-output>
  <suite name="Suite" duration-ms="86619" started-at="2019-02-23T18:09:24Z" finished-at="2019-02-23T18:10:51Z">
    <groups>
    </groups>
    <test name="Test" duration-ms="86619" started-at="2019-02-23T18:09:24Z" finished-at="2019-02-23T18:10:51Z">
      <class name="com.cleartrip.qa.testcases.LoginTest">
        <test-method status="PASS" signature="setUp()[pri:0, instance:com.cleartrip.qa.testcases.LoginTest@77caeb3e]" name="setUp" is-config="true" duration-ms="7245" started-at="2019-02-23T18:09:24Z" finished-at="2019-02-23T18:09:31Z">
          <reporter-output>
          </reporter-output>
        </test-method> <!-- setUp -->
        <test-method status="PASS" signature="Login()[pri:1, instance:com.cleartrip.qa.testcases.LoginTest@77caeb3e]" name="Login" duration-ms="16719" started-at="2019-02-23T18:09:31Z" finished-at="2019-02-23T18:09:48Z">
          <reporter-output>
          </reporter-output>
        </test-method> <!-- Login -->
        <test-method status="PASS" signature="teardown()[pri:0, instance:com.cleartrip.qa.testcases.LoginTest@77caeb3e]" name="teardown" is-config="true" duration-ms="0" started-at="2019-02-23T18:09:48Z" finished-at="2019-02-23T18:09:48Z">
          <reporter-output>
          </reporter-output>
        </test-method> <!-- teardown -->
      </class> <!-- com.cleartrip.qa.testcases.LoginTest -->
      <class name="com.cleartrip.qa.testcases.SearchFlight_RoundTrip">
        <test-method status="PASS" signature="setUp()[pri:0, instance:com.cleartrip.qa.testcases.SearchFlight_RoundTrip@1e88b3c]" name="setUp" is-config="true" duration-ms="12393" started-at="2019-02-23T18:09:48Z" finished-at="2019-02-23T18:10:00Z">
          <reporter-output>
          </reporter-output>
        </test-method> <!-- setUp -->
        <test-method status="PASS" signature="VerifyLogo()[pri:1, instance:com.cleartrip.qa.testcases.SearchFlight_RoundTrip@1e88b3c]" name="VerifyLogo" duration-ms="13983" started-at="2019-02-23T18:10:00Z" finished-at="2019-02-23T18:10:14Z">
          <reporter-output>
          </reporter-output>
        </test-method> <!-- VerifyLogo -->
        <test-method status="PASS" signature="teardown()[pri:0, instance:com.cleartrip.qa.testcases.SearchFlight_RoundTrip@1e88b3c]" name="teardown" is-config="true" duration-ms="688" started-at="2019-02-23T18:10:14Z" finished-at="2019-02-23T18:10:15Z">
          <reporter-output>
          </reporter-output>
        </test-method> <!-- teardown -->
        <test-method status="PASS" signature="setUp()[pri:0, instance:com.cleartrip.qa.testcases.SearchFlight_RoundTrip@1e88b3c]" name="setUp" is-config="true" duration-ms="11404" started-at="2019-02-23T18:10:15Z" finished-at="2019-02-23T18:10:26Z">
          <reporter-output>
          </reporter-output>
        </test-method> <!-- setUp -->
        <test-method status="PASS" signature="pageTitle()[pri:2, instance:com.cleartrip.qa.testcases.SearchFlight_RoundTrip@1e88b3c]" name="pageTitle" duration-ms="7" started-at="2019-02-23T18:10:26Z" finished-at="2019-02-23T18:10:26Z">
          <reporter-output>
          </reporter-output>
        </test-method> <!-- pageTitle -->
        <test-method status="PASS" signature="teardown()[pri:0, instance:com.cleartrip.qa.testcases.SearchFlight_RoundTrip@1e88b3c]" name="teardown" is-config="true" duration-ms="810" started-at="2019-02-23T18:10:26Z" finished-at="2019-02-23T18:10:27Z">
          <reporter-output>
          </reporter-output>
        </test-method> <!-- teardown -->
        <test-method status="PASS" signature="setUp()[pri:0, instance:com.cleartrip.qa.testcases.SearchFlight_RoundTrip@1e88b3c]" name="setUp" is-config="true" duration-ms="11304" started-at="2019-02-23T18:10:27Z" finished-at="2019-02-23T18:10:39Z">
          <reporter-output>
          </reporter-output>
        </test-method> <!-- setUp -->
        <test-method status="PASS" signature="clickRoundTrip()[pri:3, instance:com.cleartrip.qa.testcases.SearchFlight_RoundTrip@1e88b3c]" name="clickRoundTrip" duration-ms="11339" started-at="2019-02-23T18:10:39Z" finished-at="2019-02-23T18:10:50Z">
          <reporter-output>
          </reporter-output>
        </test-method> <!-- clickRoundTrip -->
        <test-method status="PASS" signature="teardown()[pri:0, instance:com.cleartrip.qa.testcases.SearchFlight_RoundTrip@1e88b3c]" name="teardown" is-config="true" duration-ms="682" started-at="2019-02-23T18:10:50Z" finished-at="2019-02-23T18:10:51Z">
          <reporter-output>
          </reporter-output>
        </test-method> <!-- teardown -->
      </class> <!-- com.cleartrip.qa.testcases.SearchFlight_RoundTrip -->
    </test> <!-- Test -->
  </suite> <!-- Suite -->
</testng-results>
