<?xml version="1.0" encoding="UTF-8"?>
<testng-results ignored="0" total="1" passed="1" failed="0" skipped="0">
  <reporter-output>
  </reporter-output>
  <suite started-at="2019-02-19T09:17:35Z" name="Default suite" finished-at="2019-02-19T09:17:54Z" duration-ms="19575">
    <groups>
    </groups>
    <test started-at="2019-02-19T09:17:35Z" name="Default test" finished-at="2019-02-19T09:17:54Z" duration-ms="19575">
      <class name="com.cleartrip.qa.testcases.LoginTest">
        <test-method is-config="true" signature="setUp()[pri:0, instance:com.cleartrip.qa.testcases.LoginTest@6283d8b8]" started-at="2019-02-19T09:17:35Z" name="setUp" finished-at="2019-02-19T09:17:50Z" duration-ms="15142" status="PASS">
          <reporter-output>
          </reporter-output>
        </test-method> <!-- setUp -->
        <test-method signature="Login()[pri:1, instance:com.cleartrip.qa.testcases.LoginTest@6283d8b8]" started-at="2019-02-19T09:17:50Z" name="Login" finished-at="2019-02-19T09:17:54Z" duration-ms="4398" status="PASS">
          <reporter-output>
          </reporter-output>
        </test-method> <!-- Login -->
        <test-method is-config="true" signature="teardown()[pri:0, instance:com.cleartrip.qa.testcases.LoginTest@6283d8b8]" started-at="2019-02-19T09:17:54Z" name="teardown" finished-at="2019-02-19T09:17:54Z" duration-ms="1" status="PASS">
          <reporter-output>
          </reporter-output>
        </test-method> <!-- teardown -->
      </class> <!-- com.cleartrip.qa.testcases.LoginTest -->
    </test> <!-- Default test -->
  </suite> <!-- Default suite -->
</testng-results>
